<?xml version="1.0" encoding="UTF-8"?>
<!-- Generated by org.testng.reporters.JUnitXMLReporter -->
<testsuite hostname="LAPTOP-CL9FEVJO" ignored="0" name="FunctionalTest" tests="2" failures="0" timestamp="13 Feb 2019 11:46:58 GMT" time="58.639" errors="0">
  <testcase name="CreateUserForm" time="42.222" classname="com.qa.practice.testcases.ApplicationFormTest"/>
  <testcase name="validateMsg" time="0.046" classname="com.qa.practice.testcases.ApplicationFormTest"/>
</testsuite> <!-- FunctionalTest -->
